<?xml version="1.0" encoding="UTF-8"?>
<!-- Generated by org.testng.reporters.JUnitReportReporter -->
<testsuite skipped="0" hostname="Ajs-PC" name="org.test.Groups" tests="1" failures="0" timestamp="2022-04-22T23:00:15 IST" time="0.032" errors="0">
  <testcase name="tc2" time="0.032" classname="org.test.Groups"/>
  <system-out/>
</testsuite> <!-- org.test.Groups -->
