<?xml version="1.0" encoding="UTF-8"?>
<!-- Generated by org.testng.reporters.JUnitReportReporter -->
<testsuite skipped="0" hostname="Ajs-PC" name="org.test.Crossbrowser" tests="2" failures="0" timestamp="2022-04-28T00:15:14 IST" time="25.541" errors="0">
  <testcase name="tc1" time="12.930" classname="org.test.Crossbrowser"/>
  <system-out/>
  <testcase name="tc1" time="12.611" classname="org.test.Crossbrowser"/>
  <system-out/>
</testsuite> <!-- org.test.Crossbrowser -->
