<?xml version="1.0" encoding="UTF-8"?>
<!-- Generated by org.testng.reporters.JUnitReportReporter -->
<testsuite skipped="0" hostname="Ajs-PC" name="org.test.Paralleltest1" tests="3" failures="0" timestamp="2022-04-25T22:06:24 IST" time="0.016" errors="0">
  <testcase name="tc1" time="0.016" classname="org.test.Paralleltest1"/>
  <system-out/>
  <testcase name="tc2" time="0.000" classname="org.test.Paralleltest1"/>
  <system-out/>
  <testcase name="tc3" time="0.000" classname="org.test.Paralleltest1"/>
  <system-out/>
</testsuite> <!-- org.test.Paralleltest1 -->
