<?xml version="1.0" encoding="UTF-8"?>
<!-- Generated by org.testng.reporters.JUnitReportReporter -->
<testsuite skipped="0" hostname="Ajs-PC" name="testng.sample" tests="3" failures="0" timestamp="2022-04-18T16:08:08 IST" time="0.038" errors="0">
  <testcase name="tc2" time="0.003" classname="testng.sample"/>
  <system-out/>
  <testcase name="tc3" time="0.003" classname="testng.sample"/>
  <system-out/>
  <testcase name="tc1" time="0.032" classname="testng.sample"/>
  <system-out/>
</testsuite> <!-- testng.sample -->
