<?xml version="1.0" encoding="UTF-8"?>
<!-- Generated by org.testng.reporters.JUnitReportReporter -->
<testsuite skipped="0" hostname="Ajs-PC" name="org.tet.Datprovider" tests="2" failures="0" timestamp="2022-04-26T05:54:25 IST" time="22.044" errors="0">
  <testcase name="tc1" time="13.120" classname="org.tet.Datprovider"/>
  <system-out/>
  <testcase name="tc1" time="8.924" classname="org.tet.Datprovider"/>
  <system-out/>
</testsuite> <!-- org.tet.Datprovider -->
