<?xml version="1.0" encoding="UTF-8"?>
<!-- Generated by org.testng.reporters.JUnitReportReporter -->
<testsuite skipped="0" hostname="Ajs-PC" name="testNG.facebookTest" tests="1" failures="0" timestamp="2022-04-22T22:30:42 IST" time="10.244" errors="0">
  <testcase name="f" time="10.244" classname="testNG.facebookTest"/>
  <system-out/>
</testsuite> <!-- testNG.facebookTest -->
