<?xml version="1.0" encoding="UTF-8"?>
<!-- Generated by org.testng.reporters.JUnitReportReporter -->
<testsuite skipped="0" hostname="Ajs-PC" name="org.test.Paralleltest3" tests="3" failures="0" timestamp="2022-04-25T22:06:24 IST" time="0.015" errors="0">
  <testcase name="tc2000" time="0.000" classname="org.test.Paralleltest3"/>
  <system-out/>
  <testcase name="tc3000" time="0.015" classname="org.test.Paralleltest3"/>
  <system-out/>
  <testcase name="tc1000" time="0.000" classname="org.test.Paralleltest3"/>
  <system-out/>
</testsuite> <!-- org.test.Paralleltest3 -->
