<?xml version="1.0" encoding="UTF-8"?>
<!-- Generated by org.testng.reporters.JUnitReportReporter -->
<testsuite skipped="0" hostname="Ajs-PC" name="org.test.Group2" tests="1" failures="0" timestamp="2022-04-22T23:00:15 IST" time="0.000" errors="0">
  <testcase name="tc200" time="0.000" classname="org.test.Group2"/>
  <system-out/>
</testsuite> <!-- org.test.Group2 -->
