<?xml version="1.0" encoding="UTF-8"?>
<!-- Generated by org.testng.reporters.JUnitReportReporter -->
<testsuite skipped="0" hostname="Ajs-PC" name="org.test.Paralleltest2" tests="3" failures="0" timestamp="2022-04-25T22:06:24 IST" time="0.017" errors="0">
  <testcase name="tc20" time="0.017" classname="org.test.Paralleltest2"/>
  <system-out/>
  <testcase name="tc30" time="0.000" classname="org.test.Paralleltest2"/>
  <system-out/>
  <testcase name="tc10" time="0.000" classname="org.test.Paralleltest2"/>
  <system-out/>
</testsuite> <!-- org.test.Paralleltest2 -->
