<?xml version="1.0" encoding="UTF-8"?>
<!-- Generated by org.testng.reporters.JUnitReportReporter -->
<testsuite skipped="0" hostname="Ajs-PC" name="org.testng.Facebk" tests="1" failures="0" timestamp="2022-04-22T22:17:44 IST" time="10.891" errors="0">
  <testcase name="tc1" time="10.891" classname="org.testng.Facebk"/>
  <system-out/>
</testsuite> <!-- org.testng.Facebk -->
